STEP translation to Solid Edge
Date: Monday,December 18,2023 10:05AM
Source File: D:\Projects\STP\E-Stationer\Hardware\_Sub_HW_EPaper\v1_20231122\Design Folder\_MECH_EPaper\_HW_EPaper.step
Author: Pcbnew
Organization: Kicad
Source System: KiCad to STEP converter

Hardware:
Processor: 12th Gen Intel(R) Core(TM) i7-12700H
Operating System: Windows 11 Version:23H2 Build:22631 System Type:64-bit
Installed Memory: 15.67 GB

Software Information
Parasolid Version: 35.0.149
PSBodyShop Version: 35.0.82
Step Adapter Version: 11.0.82
Solid Edge Version: 223.00.00.101 x64

Step Import Options
Import Faceted Bodies: On
Import Check Bodies: Off
Import Curves: On
Import DoNotSave: On
Import Multiple Bodies As Single Part File: On
Import Stitch Surfaces: On
Import Boolean Solids: On
Make Base Feature: On
Simplify Geometry: On
Import Imprint Curves: On
Import Drive: C:
Import Stitch Surfaces: On
Import Surfaces: On
Import Output Path: D:\Projects\STP\E-Stationer\Hardware\_Sub_HW_EPaper\v1_20231122\Design Folder\_MECH_EPaper
Import Enable Default Output Path: On
Import PMI: Off
Import As Internal Components: Off
Import Path: 

Translating to Parasolid data types...
+Begin Assembly: 1
+Created SE Assembly File D:\Projects\STP\E-Stationer\Hardware\_Sub_HW_EPaper\v1_20231122\Design Folder\_MECH_EPaper\_HW_EPaper.asm
|--+Begin Assembly: 2
|--+Created SE Assembly File D:\Projects\STP\E-Stationer\Hardware\_Sub_HW_EPaper\v1_20231122\Design Folder\_MECH_EPaper\Hirose_FH12-24S-0.5SH_1x24-1MP_P0.50mm_Horizontal.asm
|  |--+Created SE Part File D:\Projects\STP\E-Stationer\Hardware\_Sub_HW_EPaper\v1_20231122\Design Folder\_MECH_EPaper\COMPOUND.par
|--+Total Parts: 6
|--+Assemblies: 0
|--+Solid Bodies: 6
|--+Sheet Bodies: 0
|--+End Assembly: 2
|--+Begin Assembly: 2
|--+Created SE Assembly File D:\Projects\STP\E-Stationer\Hardware\_Sub_HW_EPaper\v1_20231122\Design Folder\_MECH_EPaper\R_0402_1005Metric.asm
|  |--+Created SE Part File D:\Projects\STP\E-Stationer\Hardware\_Sub_HW_EPaper\v1_20231122\Design Folder\_MECH_EPaper\SOLID.par
|--+Total Parts: 2
|--+Assemblies: 0
|--+Solid Bodies: 2
|--+Sheet Bodies: 0
|--+End Assembly: 2
|--+Begin Assembly: 2
|--+Created SE Assembly File D:\Projects\STP\E-Stationer\Hardware\_Sub_HW_EPaper\v1_20231122\Design Folder\_MECH_EPaper\LED_0402_1005Metric.asm
|  |--+Created SE Part File D:\Projects\STP\E-Stationer\Hardware\_Sub_HW_EPaper\v1_20231122\Design Folder\_MECH_EPaper\SOLID_0.par
|--+Total Parts: 2
|--+Assemblies: 0
|--+Solid Bodies: 2
|--+Sheet Bodies: 0
|--+End Assembly: 2
|--+Begin Assembly: 2
|--+Created SE Assembly File D:\Projects\STP\E-Stationer\Hardware\_Sub_HW_EPaper\v1_20231122\Design Folder\_MECH_EPaper\C_0402_1005Metric.asm
|  |--+Created SE Part File D:\Projects\STP\E-Stationer\Hardware\_Sub_HW_EPaper\v1_20231122\Design Folder\_MECH_EPaper\SOLID_1.par
|--+Total Parts: 2
|--+Assemblies: 0
|--+Solid Bodies: 2
|--+Sheet Bodies: 0
|--+End Assembly: 2
|--+Begin Assembly: 2
|--+Reusing File D:\Projects\STP\E-Stationer\Hardware\_Sub_HW_EPaper\v1_20231122\Design Folder\_MECH_EPaper\C_0402_1005Metric.asm
|--+Total Parts: 0
|--+Assemblies: 0
|--+Solid Bodies: 0
|--+Sheet Bodies: 0
|--+End Assembly: 2
|--+Begin Assembly: 2
|--+Reusing File D:\Projects\STP\E-Stationer\Hardware\_Sub_HW_EPaper\v1_20231122\Design Folder\_MECH_EPaper\R_0402_1005Metric.asm
|--+Total Parts: 0
|--+Assemblies: 0
|--+Solid Bodies: 0
|--+Sheet Bodies: 0
|--+End Assembly: 2
|--+Begin Assembly: 2
|--+Created SE Assembly File D:\Projects\STP\E-Stationer\Hardware\_Sub_HW_EPaper\v1_20231122\Design Folder\_MECH_EPaper\R_0805_2012Metric.asm
|  |--+Created SE Part File D:\Projects\STP\E-Stationer\Hardware\_Sub_HW_EPaper\v1_20231122\Design Folder\_MECH_EPaper\SOLID_2.par
|--+Total Parts: 2
|--+Assemblies: 0
|--+Solid Bodies: 2
|--+Sheet Bodies: 0
|--+End Assembly: 2
|--+Begin Assembly: 2
|--+Created SE Assembly File D:\Projects\STP\E-Stationer\Hardware\_Sub_HW_EPaper\v1_20231122\Design Folder\_MECH_EPaper\C_0805_2012Metric.asm
|  |--+Created SE Part File D:\Projects\STP\E-Stationer\Hardware\_Sub_HW_EPaper\v1_20231122\Design Folder\_MECH_EPaper\SOLID_3.par
|--+Total Parts: 2
|--+Assemblies: 0
|--+Solid Bodies: 2
|--+Sheet Bodies: 0
|--+End Assembly: 2
|--+Begin Assembly: 2
|--+Created SE Assembly File D:\Projects\STP\E-Stationer\Hardware\_Sub_HW_EPaper\v1_20231122\Design Folder\_MECH_EPaper\SW_Tactile_SPST_Angled_PTS645Vx31-2LFS.asm
|  |--+Created SE Part File D:\Projects\STP\E-Stationer\Hardware\_Sub_HW_EPaper\v1_20231122\Design Folder\_MECH_EPaper\SOLID_4.par
|--+Total Parts: 2
|--+Assemblies: 0
|--+Solid Bodies: 2
|--+Sheet Bodies: 0
|--+End Assembly: 2
|--+Begin Assembly: 2
|--+Created SE Assembly File D:\Projects\STP\E-Stationer\Hardware\_Sub_HW_EPaper\v1_20231122\Design Folder\_MECH_EPaper\UFM.asm
|  |--+Created SE Part File D:\Projects\STP\E-Stationer\Hardware\_Sub_HW_EPaper\v1_20231122\Design Folder\_MECH_EPaper\COMPOUND_0.par
|--+Total Parts: 8
|--+Assemblies: 0
|--+Solid Bodies: 8
|--+Sheet Bodies: 0
|--+End Assembly: 2
|--+Begin Assembly: 2
|--+Reusing File D:\Projects\STP\E-Stationer\Hardware\_Sub_HW_EPaper\v1_20231122\Design Folder\_MECH_EPaper\C_0805_2012Metric.asm
|--+Total Parts: 0
|--+Assemblies: 0
|--+Solid Bodies: 0
|--+Sheet Bodies: 0
|--+End Assembly: 2
|--+Begin Assembly: 2
|--+Reusing File D:\Projects\STP\E-Stationer\Hardware\_Sub_HW_EPaper\v1_20231122\Design Folder\_MECH_EPaper\R_0402_1005Metric.asm
|--+Total Parts: 0
|--+Assemblies: 0
|--+Solid Bodies: 0
|--+Sheet Bodies: 0
|--+End Assembly: 2
|--+Begin Assembly: 2
|--+Reusing File D:\Projects\STP\E-Stationer\Hardware\_Sub_HW_EPaper\v1_20231122\Design Folder\_MECH_EPaper\C_0805_2012Metric.asm
|--+Total Parts: 0
|--+Assemblies: 0
|--+Solid Bodies: 0
|--+Sheet Bodies: 0
|--+End Assembly: 2
|--+Begin Assembly: 2
|--+Reusing File D:\Projects\STP\E-Stationer\Hardware\_Sub_HW_EPaper\v1_20231122\Design Folder\_MECH_EPaper\C_0402_1005Metric.asm
|--+Total Parts: 0
|--+Assemblies: 0
|--+Solid Bodies: 0
|--+Sheet Bodies: 0
|--+End Assembly: 2
|--+Begin Assembly: 2
|--+Reusing File D:\Projects\STP\E-Stationer\Hardware\_Sub_HW_EPaper\v1_20231122\Design Folder\_MECH_EPaper\R_0402_1005Metric.asm
|--+Total Parts: 0
|--+Assemblies: 0
|--+Solid Bodies: 0
|--+Sheet Bodies: 0
|--+End Assembly: 2
|--+Begin Assembly: 2
|--+Reusing File D:\Projects\STP\E-Stationer\Hardware\_Sub_HW_EPaper\v1_20231122\Design Folder\_MECH_EPaper\UFM.asm
|--+Total Parts: 0
|--+Assemblies: 0
|--+Solid Bodies: 0
|--+Sheet Bodies: 0
|--+End Assembly: 2
|--+Begin Assembly: 2
|--+Reusing File D:\Projects\STP\E-Stationer\Hardware\_Sub_HW_EPaper\v1_20231122\Design Folder\_MECH_EPaper\C_0402_1005Metric.asm
|--+Total Parts: 0
|--+Assemblies: 0
|--+Solid Bodies: 0
|--+Sheet Bodies: 0
|--+End Assembly: 2
|--+Begin Assembly: 2
|--+Reusing File D:\Projects\STP\E-Stationer\Hardware\_Sub_HW_EPaper\v1_20231122\Design Folder\_MECH_EPaper\R_0402_1005Metric.asm
|--+Total Parts: 0
|--+Assemblies: 0
|--+Solid Bodies: 0
|--+Sheet Bodies: 0
|--+End Assembly: 2
|--+Begin Assembly: 2
|--+Reusing File D:\Projects\STP\E-Stationer\Hardware\_Sub_HW_EPaper\v1_20231122\Design Folder\_MECH_EPaper\C_0402_1005Metric.asm
|--+Total Parts: 0
|--+Assemblies: 0
|--+Solid Bodies: 0
|--+Sheet Bodies: 0
|--+End Assembly: 2
|--+Begin Assembly: 2
|--+Reusing File D:\Projects\STP\E-Stationer\Hardware\_Sub_HW_EPaper\v1_20231122\Design Folder\_MECH_EPaper\R_0402_1005Metric.asm
|--+Total Parts: 0
|--+Assemblies: 0
|--+Solid Bodies: 0
|--+Sheet Bodies: 0
|--+End Assembly: 2
|--+Begin Assembly: 2
|--+Created SE Assembly File D:\Projects\STP\E-Stationer\Hardware\_Sub_HW_EPaper\v1_20231122\Design Folder\_MECH_EPaper\CR_7PCT_L3F_TOS.asm
|  |--+Created SE Part File D:\Projects\STP\E-Stationer\Hardware\_Sub_HW_EPaper\v1_20231122\Design Folder\_MECH_EPaper\COMPOUND_1.par
|--+Total Parts: 8
|--+Assemblies: 0
|--+Solid Bodies: 8
|--+Sheet Bodies: 0
|--+End Assembly: 2
|--+Begin Assembly: 2
|--+Reusing File D:\Projects\STP\E-Stationer\Hardware\_Sub_HW_EPaper\v1_20231122\Design Folder\_MECH_EPaper\R_0402_1005Metric.asm
|--+Total Parts: 0
|--+Assemblies: 0
|--+Solid Bodies: 0
|--+Sheet Bodies: 0
|--+End Assembly: 2
|--+Begin Assembly: 2
|--+Created SE Assembly File D:\Projects\STP\E-Stationer\Hardware\_Sub_HW_EPaper\v1_20231122\Design Folder\_MECH_EPaper\SOIC-8_5.275x5.275mm_P1.27mm.asm
|  |--+Created SE Part File D:\Projects\STP\E-Stationer\Hardware\_Sub_HW_EPaper\v1_20231122\Design Folder\_MECH_EPaper\SOLID_5.par
|--+Total Parts: 2
|--+Assemblies: 0
|--+Solid Bodies: 2
|--+Sheet Bodies: 0
|--+End Assembly: 2
|--+Begin Assembly: 2
|--+Reusing File D:\Projects\STP\E-Stationer\Hardware\_Sub_HW_EPaper\v1_20231122\Design Folder\_MECH_EPaper\R_0402_1005Metric.asm
|--+Total Parts: 0
|--+Assemblies: 0
|--+Solid Bodies: 0
|--+Sheet Bodies: 0
|--+End Assembly: 2
|--+Begin Assembly: 2
|--+Reusing File D:\Projects\STP\E-Stationer\Hardware\_Sub_HW_EPaper\v1_20231122\Design Folder\_MECH_EPaper\R_0402_1005Metric.asm
|--+Total Parts: 0
|--+Assemblies: 0
|--+Solid Bodies: 0
|--+Sheet Bodies: 0
|--+End Assembly: 2
|--+Begin Assembly: 2
|--+Created SE Assembly File D:\Projects\STP\E-Stationer\Hardware\_Sub_HW_EPaper\v1_20231122\Design Folder\_MECH_EPaper\PinHeader_1x02_P2.54mm_Vertical.asm
|  |--+Created SE Part File D:\Projects\STP\E-Stationer\Hardware\_Sub_HW_EPaper\v1_20231122\Design Folder\_MECH_EPaper\SOLID_6.par
|--+Total Parts: 2
|--+Assemblies: 0
|--+Solid Bodies: 2
|--+Sheet Bodies: 0
|--+End Assembly: 2
|--+Begin Assembly: 2
|--+Created SE Assembly File D:\Projects\STP\E-Stationer\Hardware\_Sub_HW_EPaper\v1_20231122\Design Folder\_MECH_EPaper\SOT-23.asm
|  |--+Created SE Part File D:\Projects\STP\E-Stationer\Hardware\_Sub_HW_EPaper\v1_20231122\Design Folder\_MECH_EPaper\SOLID_7.par
|--+Total Parts: 2
|--+Assemblies: 0
|--+Solid Bodies: 2
|--+Sheet Bodies: 0
|--+End Assembly: 2
|--+Begin Assembly: 2
|--+Created SE Assembly File D:\Projects\STP\E-Stationer\Hardware\_Sub_HW_EPaper\v1_20231122\Design Folder\_MECH_EPaper\PinHeader_1x04_P2.54mm_Vertical.asm
|  |--+Created SE Part File D:\Projects\STP\E-Stationer\Hardware\_Sub_HW_EPaper\v1_20231122\Design Folder\_MECH_EPaper\SOLID_8.par
|--+Total Parts: 2
|--+Assemblies: 0
|--+Solid Bodies: 2
|--+Sheet Bodies: 0
|--+End Assembly: 2
|--+Begin Assembly: 2
|--+Reusing File D:\Projects\STP\E-Stationer\Hardware\_Sub_HW_EPaper\v1_20231122\Design Folder\_MECH_EPaper\R_0402_1005Metric.asm
|--+Total Parts: 0
|--+Assemblies: 0
|--+Solid Bodies: 0
|--+Sheet Bodies: 0
|--+End Assembly: 2
|--+Begin Assembly: 2
|--+Reusing File D:\Projects\STP\E-Stationer\Hardware\_Sub_HW_EPaper\v1_20231122\Design Folder\_MECH_EPaper\C_0402_1005Metric.asm
|--+Total Parts: 0
|--+Assemblies: 0
|--+Solid Bodies: 0
|--+Sheet Bodies: 0
|--+End Assembly: 2
|--+Begin Assembly: 2
|--+Reusing File D:\Projects\STP\E-Stationer\Hardware\_Sub_HW_EPaper\v1_20231122\Design Folder\_MECH_EPaper\CR_7PCT_L3F_TOS.asm
|--+Total Parts: 0
|--+Assemblies: 0
|--+Solid Bodies: 0
|--+Sheet Bodies: 0
|--+End Assembly: 2
|--+Begin Assembly: 2
|--+Reusing File D:\Projects\STP\E-Stationer\Hardware\_Sub_HW_EPaper\v1_20231122\Design Folder\_MECH_EPaper\R_0402_1005Metric.asm
|--+Total Parts: 0
|--+Assemblies: 0
|--+Solid Bodies: 0
|--+Sheet Bodies: 0
|--+End Assembly: 2
|--+Begin Assembly: 2
|--+Reusing File D:\Projects\STP\E-Stationer\Hardware\_Sub_HW_EPaper\v1_20231122\Design Folder\_MECH_EPaper\R_0402_1005Metric.asm
|--+Total Parts: 0
|--+Assemblies: 0
|--+Solid Bodies: 0
|--+Sheet Bodies: 0
|--+End Assembly: 2
|--+Begin Assembly: 2
|--+Reusing File D:\Projects\STP\E-Stationer\Hardware\_Sub_HW_EPaper\v1_20231122\Design Folder\_MECH_EPaper\R_0402_1005Metric.asm
|--+Total Parts: 0
|--+Assemblies: 0
|--+Solid Bodies: 0
|--+Sheet Bodies: 0
|--+End Assembly: 2
|--+Begin Assembly: 2
|--+Reusing File D:\Projects\STP\E-Stationer\Hardware\_Sub_HW_EPaper\v1_20231122\Design Folder\_MECH_EPaper\R_0402_1005Metric.asm
|--+Total Parts: 0
|--+Assemblies: 0
|--+Solid Bodies: 0
|--+Sheet Bodies: 0
|--+End Assembly: 2
|--+Begin Assembly: 2
|--+Reusing File D:\Projects\STP\E-Stationer\Hardware\_Sub_HW_EPaper\v1_20231122\Design Folder\_MECH_EPaper\R_0402_1005Metric.asm
|--+Total Parts: 0
|--+Assemblies: 0
|--+Solid Bodies: 0
|--+Sheet Bodies: 0
|--+End Assembly: 2
|--+Begin Assembly: 2
|--+Reusing File D:\Projects\STP\E-Stationer\Hardware\_Sub_HW_EPaper\v1_20231122\Design Folder\_MECH_EPaper\R_0402_1005Metric.asm
|--+Total Parts: 0
|--+Assemblies: 0
|--+Solid Bodies: 0
|--+Sheet Bodies: 0
|--+End Assembly: 2
|--+Begin Assembly: 2
|--+Reusing File D:\Projects\STP\E-Stationer\Hardware\_Sub_HW_EPaper\v1_20231122\Design Folder\_MECH_EPaper\C_0805_2012Metric.asm
|--+Total Parts: 0
|--+Assemblies: 0
|--+Solid Bodies: 0
|--+Sheet Bodies: 0
|--+End Assembly: 2
|--+Begin Assembly: 2
|--+Reusing File D:\Projects\STP\E-Stationer\Hardware\_Sub_HW_EPaper\v1_20231122\Design Folder\_MECH_EPaper\R_0402_1005Metric.asm
|--+Total Parts: 0
|--+Assemblies: 0
|--+Solid Bodies: 0
|--+Sheet Bodies: 0
|--+End Assembly: 2
|--+Begin Assembly: 2
|--+Created SE Assembly File D:\Projects\STP\E-Stationer\Hardware\_Sub_HW_EPaper\v1_20231122\Design Folder\_MECH_EPaper\SO-14_3.9x8.65mm_P1.27mm.asm
|  |--+Created SE Part File D:\Projects\STP\E-Stationer\Hardware\_Sub_HW_EPaper\v1_20231122\Design Folder\_MECH_EPaper\COMPOUND_2.par
|--+Total Parts: 32
|--+Assemblies: 0
|--+Solid Bodies: 32
|--+Sheet Bodies: 0
|--+End Assembly: 2
|--+Begin Assembly: 2
|--+Reusing File D:\Projects\STP\E-Stationer\Hardware\_Sub_HW_EPaper\v1_20231122\Design Folder\_MECH_EPaper\R_0402_1005Metric.asm
|--+Total Parts: 0
|--+Assemblies: 0
|--+Solid Bodies: 0
|--+Sheet Bodies: 0
|--+End Assembly: 2
|--+Begin Assembly: 2
|--+Reusing File D:\Projects\STP\E-Stationer\Hardware\_Sub_HW_EPaper\v1_20231122\Design Folder\_MECH_EPaper\CR_7PCT_L3F_TOS.asm
|--+Total Parts: 0
|--+Assemblies: 0
|--+Solid Bodies: 0
|--+Sheet Bodies: 0
|--+End Assembly: 2
|--+Begin Assembly: 2
|--+Created SE Assembly File D:\Projects\STP\E-Stationer\Hardware\_Sub_HW_EPaper\v1_20231122\Design Folder\_MECH_EPaper\D_SOD-123F.asm
|  |--+Created SE Part File D:\Projects\STP\E-Stationer\Hardware\_Sub_HW_EPaper\v1_20231122\Design Folder\_MECH_EPaper\SOLID_9.par
|--+Total Parts: 2
|--+Assemblies: 0
|--+Solid Bodies: 2
|--+Sheet Bodies: 0
|--+End Assembly: 2
|--+Begin Assembly: 2
|--+Reusing File D:\Projects\STP\E-Stationer\Hardware\_Sub_HW_EPaper\v1_20231122\Design Folder\_MECH_EPaper\R_0402_1005Metric.asm
|--+Total Parts: 0
|--+Assemblies: 0
|--+Solid Bodies: 0
|--+Sheet Bodies: 0
|--+End Assembly: 2
|--+Begin Assembly: 2
|--+Reusing File D:\Projects\STP\E-Stationer\Hardware\_Sub_HW_EPaper\v1_20231122\Design Folder\_MECH_EPaper\R_0402_1005Metric.asm
|--+Total Parts: 0
|--+Assemblies: 0
|--+Solid Bodies: 0
|--+Sheet Bodies: 0
|--+End Assembly: 2
|--+Begin Assembly: 2
|--+Reusing File D:\Projects\STP\E-Stationer\Hardware\_Sub_HW_EPaper\v1_20231122\Design Folder\_MECH_EPaper\D_SOD-123F.asm
|--+Total Parts: 0
|--+Assemblies: 0
|--+Solid Bodies: 0
|--+Sheet Bodies: 0
|--+End Assembly: 2
|--+Begin Assembly: 2
|--+Reusing File D:\Projects\STP\E-Stationer\Hardware\_Sub_HW_EPaper\v1_20231122\Design Folder\_MECH_EPaper\D_SOD-123F.asm
|--+Total Parts: 0
|--+Assemblies: 0
|--+Solid Bodies: 0
|--+Sheet Bodies: 0
|--+End Assembly: 2
|--+Begin Assembly: 2
|--+Reusing File D:\Projects\STP\E-Stationer\Hardware\_Sub_HW_EPaper\v1_20231122\Design Folder\_MECH_EPaper\C_0805_2012Metric.asm
|--+Total Parts: 0
|--+Assemblies: 0
|--+Solid Bodies: 0
|--+Sheet Bodies: 0
|--+End Assembly: 2
|--+Begin Assembly: 2
|--+Created SE Assembly File D:\Projects\STP\E-Stationer\Hardware\_Sub_HW_EPaper\v1_20231122\Design Folder\_MECH_EPaper\10118194-0001LF.asm
|  |--+Created SE Part File D:\Projects\STP\E-Stationer\Hardware\_Sub_HW_EPaper\v1_20231122\Design Folder\_MECH_EPaper\COMPOUND_3.par
|--+Total Parts: 28
|--+Assemblies: 0
|--+Solid Bodies: 28
|--+Sheet Bodies: 0
|--+End Assembly: 2
|--+Begin Assembly: 2
|--+Created SE Assembly File D:\Projects\STP\E-Stationer\Hardware\_Sub_HW_EPaper\v1_20231122\Design Folder\_MECH_EPaper\PinHeader_1x08_P2.54mm_Horizontal.asm
|  |--+Created SE Part File D:\Projects\STP\E-Stationer\Hardware\_Sub_HW_EPaper\v1_20231122\Design Folder\_MECH_EPaper\SOLID_10.par
|--+Total Parts: 2
|--+Assemblies: 0
|--+Solid Bodies: 2
|--+Sheet Bodies: 0
|--+End Assembly: 2
|--+Begin Assembly: 2
|--+Reusing File D:\Projects\STP\E-Stationer\Hardware\_Sub_HW_EPaper\v1_20231122\Design Folder\_MECH_EPaper\LED_0402_1005Metric.asm
|--+Total Parts: 0
|--+Assemblies: 0
|--+Solid Bodies: 0
|--+Sheet Bodies: 0
|--+End Assembly: 2
|--+Begin Assembly: 2
|--+Reusing File D:\Projects\STP\E-Stationer\Hardware\_Sub_HW_EPaper\v1_20231122\Design Folder\_MECH_EPaper\SW_Tactile_SPST_Angled_PTS645Vx31-2LFS.asm
|--+Total Parts: 0
|--+Assemblies: 0
|--+Solid Bodies: 0
|--+Sheet Bodies: 0
|--+End Assembly: 2
|--+Begin Assembly: 2
|--+Reusing File D:\Projects\STP\E-Stationer\Hardware\_Sub_HW_EPaper\v1_20231122\Design Folder\_MECH_EPaper\CR_7PCT_L3F_TOS.asm
|--+Total Parts: 0
|--+Assemblies: 0
|--+Solid Bodies: 0
|--+Sheet Bodies: 0
|--+End Assembly: 2
|--+Begin Assembly: 2
|--+Reusing File D:\Projects\STP\E-Stationer\Hardware\_Sub_HW_EPaper\v1_20231122\Design Folder\_MECH_EPaper\R_0402_1005Metric.asm
|--+Total Parts: 0
|--+Assemblies: 0
|--+Solid Bodies: 0
|--+Sheet Bodies: 0
|--+End Assembly: 2
|--+Begin Assembly: 2
|--+Reusing File D:\Projects\STP\E-Stationer\Hardware\_Sub_HW_EPaper\v1_20231122\Design Folder\_MECH_EPaper\SOT-23.asm
|--+Total Parts: 0
|--+Assemblies: 0
|--+Solid Bodies: 0
|--+Sheet Bodies: 0
|--+End Assembly: 2
|--+Begin Assembly: 2
|--+Reusing File D:\Projects\STP\E-Stationer\Hardware\_Sub_HW_EPaper\v1_20231122\Design Folder\_MECH_EPaper\C_0805_2012Metric.asm
|--+Total Parts: 0
|--+Assemblies: 0
|--+Solid Bodies: 0
|--+Sheet Bodies: 0
|--+End Assembly: 2
|--+Begin Assembly: 2
|--+Reusing File D:\Projects\STP\E-Stationer\Hardware\_Sub_HW_EPaper\v1_20231122\Design Folder\_MECH_EPaper\PinHeader_1x02_P2.54mm_Vertical.asm
|--+Total Parts: 0
|--+Assemblies: 0
|--+Solid Bodies: 0
|--+Sheet Bodies: 0
|--+End Assembly: 2
|--+Begin Assembly: 2
|--+Reusing File D:\Projects\STP\E-Stationer\Hardware\_Sub_HW_EPaper\v1_20231122\Design Folder\_MECH_EPaper\C_0805_2012Metric.asm
|--+Total Parts: 0
|--+Assemblies: 0
|--+Solid Bodies: 0
|--+Sheet Bodies: 0
|--+End Assembly: 2
|--+Begin Assembly: 2
|--+Reusing File D:\Projects\STP\E-Stationer\Hardware\_Sub_HW_EPaper\v1_20231122\Design Folder\_MECH_EPaper\R_0402_1005Metric.asm
|--+Total Parts: 0
|--+Assemblies: 0
|--+Solid Bodies: 0
|--+Sheet Bodies: 0
|--+End Assembly: 2
|--+Begin Assembly: 2
|--+Reusing File D:\Projects\STP\E-Stationer\Hardware\_Sub_HW_EPaper\v1_20231122\Design Folder\_MECH_EPaper\R_0402_1005Metric.asm
|--+Total Parts: 0
|--+Assemblies: 0
|--+Solid Bodies: 0
|--+Sheet Bodies: 0
|--+End Assembly: 2
|--+Begin Assembly: 2
|--+Reusing File D:\Projects\STP\E-Stationer\Hardware\_Sub_HW_EPaper\v1_20231122\Design Folder\_MECH_EPaper\C_0805_2012Metric.asm
|--+Total Parts: 0
|--+Assemblies: 0
|--+Solid Bodies: 0
|--+Sheet Bodies: 0
|--+End Assembly: 2
|--+Begin Assembly: 2
|--+Reusing File D:\Projects\STP\E-Stationer\Hardware\_Sub_HW_EPaper\v1_20231122\Design Folder\_MECH_EPaper\C_0805_2012Metric.asm
|--+Total Parts: 0
|--+Assemblies: 0
|--+Solid Bodies: 0
|--+Sheet Bodies: 0
|--+End Assembly: 2
|--+Begin Assembly: 2
|--+Reusing File D:\Projects\STP\E-Stationer\Hardware\_Sub_HW_EPaper\v1_20231122\Design Folder\_MECH_EPaper\R_0402_1005Metric.asm
|--+Total Parts: 0
|--+Assemblies: 0
|--+Solid Bodies: 0
|--+Sheet Bodies: 0
|--+End Assembly: 2
|--+Begin Assembly: 2
|--+Reusing File D:\Projects\STP\E-Stationer\Hardware\_Sub_HW_EPaper\v1_20231122\Design Folder\_MECH_EPaper\C_0805_2012Metric.asm
|--+Total Parts: 0
|--+Assemblies: 0
|--+Solid Bodies: 0
|--+Sheet Bodies: 0
|--+End Assembly: 2
|--+Begin Assembly: 2
|--+Created SE Assembly File D:\Projects\STP\E-Stationer\Hardware\_Sub_HW_EPaper\v1_20231122\Design Folder\_MECH_EPaper\TSSOP-14_4.4x5mm_P0.65mm.asm
|  |--+Created SE Part File D:\Projects\STP\E-Stationer\Hardware\_Sub_HW_EPaper\v1_20231122\Design Folder\_MECH_EPaper\SOLID_11.par
|--+Total Parts: 2
|--+Assemblies: 0
|--+Solid Bodies: 2
|--+Sheet Bodies: 0
|--+End Assembly: 2
|--+Begin Assembly: 2
|--+Reusing File D:\Projects\STP\E-Stationer\Hardware\_Sub_HW_EPaper\v1_20231122\Design Folder\_MECH_EPaper\R_0805_2012Metric.asm
|--+Total Parts: 0
|--+Assemblies: 0
|--+Solid Bodies: 0
|--+Sheet Bodies: 0
|--+End Assembly: 2
|--+Begin Assembly: 2
|--+Reusing File D:\Projects\STP\E-Stationer\Hardware\_Sub_HW_EPaper\v1_20231122\Design Folder\_MECH_EPaper\PinHeader_1x02_P2.54mm_Vertical.asm
|--+Total Parts: 0
|--+Assemblies: 0
|--+Solid Bodies: 0
|--+Sheet Bodies: 0
|--+End Assembly: 2
|--+Begin Assembly: 2
|--+Reusing File D:\Projects\STP\E-Stationer\Hardware\_Sub_HW_EPaper\v1_20231122\Design Folder\_MECH_EPaper\TSSOP-14_4.4x5mm_P0.65mm.asm
|--+Total Parts: 0
|--+Assemblies: 0
|--+Solid Bodies: 0
|--+Sheet Bodies: 0
|--+End Assembly: 2
|--+Begin Assembly: 2
|--+Reusing File D:\Projects\STP\E-Stationer\Hardware\_Sub_HW_EPaper\v1_20231122\Design Folder\_MECH_EPaper\R_0402_1005Metric.asm
|--+Total Parts: 0
|--+Assemblies: 0
|--+Solid Bodies: 0
|--+Sheet Bodies: 0
|--+End Assembly: 2
|--+Begin Assembly: 2
|--+Reusing File D:\Projects\STP\E-Stationer\Hardware\_Sub_HW_EPaper\v1_20231122\Design Folder\_MECH_EPaper\C_0402_1005Metric.asm
|--+Total Parts: 0
|--+Assemblies: 0
|--+Solid Bodies: 0
|--+Sheet Bodies: 0
|--+End Assembly: 2
|--+Begin Assembly: 2
|--+Reusing File D:\Projects\STP\E-Stationer\Hardware\_Sub_HW_EPaper\v1_20231122\Design Folder\_MECH_EPaper\R_0402_1005Metric.asm
|--+Total Parts: 0
|--+Assemblies: 0
|--+Solid Bodies: 0
|--+Sheet Bodies: 0
|--+End Assembly: 2
|--+Begin Assembly: 2
|--+Reusing File D:\Projects\STP\E-Stationer\Hardware\_Sub_HW_EPaper\v1_20231122\Design Folder\_MECH_EPaper\R_0402_1005Metric.asm
|--+Total Parts: 0
|--+Assemblies: 0
|--+Solid Bodies: 0
|--+Sheet Bodies: 0
|--+End Assembly: 2
|--+Begin Assembly: 2
|--+Reusing File D:\Projects\STP\E-Stationer\Hardware\_Sub_HW_EPaper\v1_20231122\Design Folder\_MECH_EPaper\C_0402_1005Metric.asm
|--+Total Parts: 0
|--+Assemblies: 0
|--+Solid Bodies: 0
|--+Sheet Bodies: 0
|--+End Assembly: 2
|--+Begin Assembly: 2
|--+Reusing File D:\Projects\STP\E-Stationer\Hardware\_Sub_HW_EPaper\v1_20231122\Design Folder\_MECH_EPaper\CR_7PCT_L3F_TOS.asm
|--+Total Parts: 0
|--+Assemblies: 0
|--+Solid Bodies: 0
|--+Sheet Bodies: 0
|--+End Assembly: 2
|--+Begin Assembly: 2
|--+Created SE Assembly File D:\Projects\STP\E-Stationer\Hardware\_Sub_HW_EPaper\v1_20231122\Design Folder\_MECH_EPaper\SOT-23-6.asm
|  |--+Created SE Part File D:\Projects\STP\E-Stationer\Hardware\_Sub_HW_EPaper\v1_20231122\Design Folder\_MECH_EPaper\SOLID_12.par
|--+Total Parts: 2
|--+Assemblies: 0
|--+Solid Bodies: 2
|--+Sheet Bodies: 0
|--+End Assembly: 2
|--+Begin Assembly: 2
|--+Reusing File D:\Projects\STP\E-Stationer\Hardware\_Sub_HW_EPaper\v1_20231122\Design Folder\_MECH_EPaper\R_0402_1005Metric.asm
|--+Total Parts: 0
|--+Assemblies: 0
|--+Solid Bodies: 0
|--+Sheet Bodies: 0
|--+End Assembly: 2
|--+Begin Assembly: 2
|--+Reusing File D:\Projects\STP\E-Stationer\Hardware\_Sub_HW_EPaper\v1_20231122\Design Folder\_MECH_EPaper\R_0402_1005Metric.asm
|--+Total Parts: 0
|--+Assemblies: 0
|--+Solid Bodies: 0
|--+Sheet Bodies: 0
|--+End Assembly: 2
|--+Begin Assembly: 2
|--+Created SE Assembly File D:\Projects\STP\E-Stationer\Hardware\_Sub_HW_EPaper\v1_20231122\Design Folder\_MECH_EPaper\Fuse_0603_1608Metric.asm
|  |--+Created SE Part File D:\Projects\STP\E-Stationer\Hardware\_Sub_HW_EPaper\v1_20231122\Design Folder\_MECH_EPaper\SOLID_13.par
|--+Total Parts: 2
|--+Assemblies: 0
|--+Solid Bodies: 2
|--+Sheet Bodies: 0
|--+End Assembly: 2
|--+Begin Assembly: 2
|--+Reusing File D:\Projects\STP\E-Stationer\Hardware\_Sub_HW_EPaper\v1_20231122\Design Folder\_MECH_EPaper\C_0402_1005Metric.asm
|--+Total Parts: 0
|--+Assemblies: 0
|--+Solid Bodies: 0
|--+Sheet Bodies: 0
|--+End Assembly: 2
|--+Begin Assembly: 2
|--+Reusing File D:\Projects\STP\E-Stationer\Hardware\_Sub_HW_EPaper\v1_20231122\Design Folder\_MECH_EPaper\C_0805_2012Metric.asm
|--+Total Parts: 0
|--+Assemblies: 0
|--+Solid Bodies: 0
|--+Sheet Bodies: 0
|--+End Assembly: 2
|--+Begin Assembly: 2
|--+Reusing File D:\Projects\STP\E-Stationer\Hardware\_Sub_HW_EPaper\v1_20231122\Design Folder\_MECH_EPaper\C_0402_1005Metric.asm
|--+Total Parts: 0
|--+Assemblies: 0
|--+Solid Bodies: 0
|--+Sheet Bodies: 0
|--+End Assembly: 2
|--+Created SE Part File D:\Projects\STP\E-Stationer\Hardware\_Sub_HW_EPaper\v1_20231122\Design Folder\_MECH_EPaper\_HW_EPaper PCB.par
+Total Parts: 22
+Assemblies: 20
+Solid Bodies: 2
+Sheet Bodies: 0
+End Assembly: 1
Translation process completed
Total time required to translate and post process:00 : 00 : 06
